#
# A fatal error has been detected by the Java Runtime Environment:
#
#  EXCEPTION_ACCESS_VIOLATION (0xc0000005) at pc=0x0000000180005b00, pid=32, tid=7520
#
# JRE version: Java(TM) SE Runtime Environment (14.0.1+7) (build 14.0.1+7)
# Java VM: Java HotSpot(TM) 64-Bit Server VM (14.0.1+7, mixed mode, sharing, tiered, compressed oops, g1 gc, windows-amd64)
# Problematic frame:
# C  [rxtxSerial.dll+0x5b00]
#
# No core dump will be written. Minidumps are not enabled by default on client versions of Windows
#
# If you would like to submit a bug report, please visit:
#   https://bugreport.java.com/bugreport/crash.jsp
# The crash happened outside the Java Virtual Machine in native code.
# See problematic frame for where to report the bug.
#

---------------  S U M M A R Y ------------

Command Line: -Djava.library.path=C:\Users\edwardbarnabas\dev\ardublock-maven\BarnabasRoboticsArdublock-2019\src\ardublock-all\mfz-rxtx-2.2-20081207-win-x64 -Dfile.encoding=Cp1252 com.ardublock.ui.listener.SerialMonitor

Host: Intel(R) Core(TM) i5-4300U CPU @ 1.90GHz, 4 cores, 3G,  Windows 10 , 64 bit Build 18362 (10.0.18362.778)
Time: Sun Jun  7 01:06:40 2020 Pacific Daylight Time elapsed time: 1 seconds (0d 0h 0m 1s)

---------------  T H R E A D  ---------------

Current thread (0x00000208badfd000):  JavaThread "Thread-0" [_thread_in_native, id=7520, stack(0x0000003d17d00000,0x0000003d17e00000)]

Stack: [0x0000003d17d00000,0x0000003d17e00000],  sp=0x0000003d17dfdff0,  free space=1015k
Native frames: (J=compiled Java code, j=interpreted, Vv=VM code, C=native code)
C  [rxtxSerial.dll+0x5b00]

Java frames: (J=compiled Java code, j=interpreted, Vv=VM code)
j  gnu.io.RXTXPort.readArray([BII)I+0
j  gnu.io.RXTXPort$SerialInputStream.read([BII)I+212
j  sun.nio.cs.StreamDecoder.readBytes()I+135 java.base@14.0.1
j  sun.nio.cs.StreamDecoder.implRead([CII)I+112 java.base@14.0.1
j  sun.nio.cs.StreamDecoder.read([CII)I+180 java.base@14.0.1
j  java.io.InputStreamReader.read([CII)I+7 java.base@14.0.1
j  java.io.BufferedReader.fill()V+145 java.base@14.0.1
j  java.io.BufferedReader.readLine(Z)Ljava/lang/String;+44 java.base@14.0.1
j  java.io.BufferedReader.readLine()Ljava/lang/String;+2 java.base@14.0.1
j  com.ardublock.ui.listener.SerialMonitor.serialEvent(Lgnu/io/SerialPortEvent;)V+12
j  gnu.io.RXTXPort.sendEvent(IZ)Z+382
v  ~StubRoutines::call_stub
j  gnu.io.RXTXPort.eventLoop()V+0
j  gnu.io.RXTXPort$MonitorThread.run()V+12
v  ~StubRoutines::call_stub

siginfo: EXCEPTION_ACCESS_VIOLATION (0xc0000005), reading address 0x0000000017dfee18


Register to memory mapping:

RIP=0x0000000180005b00 rxtxSerial.dll
RAX=0x0000000000000001 is an unknown value
RBX=0x0 is NULL
RCX=0x000000018001d4d5 rxtxSerial.dll
RDX=0xfffffffffffff665 is an unknown value
RSP=0x0000003d17dfdff0 is pointing into the stack for thread: 0x00000208badfd000
RBP=
[error occurred during error reporting (printing register info), id 0xc0000005, EXCEPTION_ACCESS_VIOLATION (0xc0000005) at pc=0x00007ffe1e0d1c94]

Registers:
RAX=0x0000000000000001, RBX=0x0000000000000000, RCX=0x000000018001d4d5, RDX=0xfffffffffffff665
RSP=0x0000003d17dfdff0, RBP=0x00000000ffffffff, RSI=0x0000000000000000, RDI=0x00000208badfd310
R8 =0x0000000000000002, R9 =0xfffffffffffff63c, R10=0x00007ffe1e88a890, R11=0x8101010101010100
R12=0x0000000017dfee10, R13=0x0000000000000020, R14=0x0000003d17dfe1e0, R15=0x0000000000000000
RIP=0x0000000180005b00, EFLAGS=0x0000000000010202

Top of Stack: (sp=0x0000003d17dfdff0)
0x0000003d17dfdff0:   0000000000000000 0000000017dfee10
0x0000003d17dfe000:   0000000000000000 00000000000003d8
0x0000003d17dfe010:   0000000000000000 0000003d17dfe1e0
0x0000003d17dfe020:   00000208bb2782a0 0000000000000001
0x0000003d17dfe030:   00000208badfd310 0000000000000020
0x0000003d17dfe040:   ffffffffffffffff 0000000180006211
0x0000003d17dfe050:   00000208bb8751b0 ffffffffffffffff
0x0000003d17dfe060:   0000000000000001 00000208bb8751b0
0x0000003d17dfe070:   0000020800000020 00007ffeffffffff
0x0000003d17dfe080:   0000003d17dfe1e8 0000003d17dfe1e8
0x0000003d17dfe090:   00000208badfd000 0000003d17dfe1e8
0x0000003d17dfe0a0:   0000003d17dfe1b0 00007ffe1e169cb7
0x0000003d17dfe0b0:   0000003d17dfe0d0 00000208badfd000
0x0000003d17dfe0c0:   000000000014ab34 00003ddf4b1a724e
0x0000003d17dfe0d0:   00000208bb2782a8 00000208bb2782a0
0x0000003d17dfe0e0:   00000208badfd000 0000003d17dfe1e8 

Instructions: (pc=0x0000000180005b00)
0x0000000180005a00:   5d c3 cc cc cc cc cc cc cc cc cc cc cc cc cc cc
0x0000000180005a10:   48 89 5c 24 08 4c 89 4c 24 20 44 89 44 24 18 55
0x0000000180005a20:   56 57 41 54 41 55 41 56 41 57 48 83 ec 20 48 8b
0x0000000180005a30:   2a 48 8b 01 33 db 48 8b d5 48 8b f9 44 8b fb 8b
0x0000000180005a40:   f3 ff 90 f8 00 00 00 4c 8d 0d 9e 70 01 00 4c 8b
0x0000000180005a50:   e0 48 8b 07 4c 8d 05 b5 70 01 00 49 8b d4 48 8b
0x0000000180005a60:   cf ff 90 f0 02 00 00 48 8b cf 4c 8b c0 48 85 c0
0x0000000180005a70:   48 8b 07 75 28 ff 90 80 00 00 00 4c 8b 1f 48 8b
0x0000000180005a80:   cf 41 ff 93 88 00 00 00 4c 8b 1f 49 8b d4 48 8b
0x0000000180005a90:   cf 41 ff 93 b8 00 00 00 4c 8b e3 eb 54 48 8b d5
0x0000000180005aa0:   ff 90 20 03 00 00 49 8b d4 48 8b cf 48 63 e8 48
0x0000000180005ab0:   8b 07 ff 90 b8 00 00 00 48 8d 15 51 70 01 00 48
0x0000000180005ac0:   8d 0d 0e 7a 01 00 41 b8 02 00 00 00 e8 6f 62 00
0x0000000180005ad0:   00 85 c0 75 19 85 ed 75 15 e8 c2 5e 00 00 48 8d
0x0000000180005ae0:   15 23 7a 01 00 48 8d 48 60 e8 3a 5d 00 00 4c 8b
0x0000000180005af0:   e5 8b ac 24 88 00 00 00 44 8b ac 24 80 00 00 00
0x0000000180005b00:   45 8b 74 24 08 41 89 5c 24 08 41 8b fd 85 ed 78
0x0000000180005b10:   09 ff 15 e9 14 01 00 44 8b f8 45 85 ed 7e 4a 90
0x0000000180005b20:   8b c6 ff c6 83 f8 14 7d 40 85 ed 78 0d ff 15 cd
0x0000000180005b30:   14 01 00 41 2b c7 3b c5 7d 2f 8b 4c 24 70 48 63
0x0000000180005b40:   d3 44 8b c7 48 03 54 24 78 e8 a2 31 00 00 85 c0
0x0000000180005b50:   78 33 74 06 03 d8 2b f8 eb 0a b9 e8 03 00 00 e8
0x0000000180005b60:   1c 1c 00 00 41 3b dd 7c b7 8b c3 45 89 74 24 08
0x0000000180005b70:   48 8b 5c 24 60 48 83 c4 20 41 5f 41 5e 41 5d 41
0x0000000180005b80:   5c 5f 5e 5d c3 e8 1e 61 00 00 83 38 04 74 05 e8
0x0000000180005b90:   14 61 00 00 83 c8 ff eb d2 cc cc cc cc cc cc cc
0x0000000180005ba0:   40 53 55 56 57 41 54 41 55 48 81 ec b8 00 00 00
0x0000000180005bb0:   48 8b 05 71 85 01 00 48 33 c4 48 89 84 24 a0 00
0x0000000180005bc0:   00 00 48 8b 01 45 8b e9 41 8b f8 48 8b f2 48 8b
0x0000000180005bd0:   d9 ff 90 f8 00 00 00 4c 8b 13 4c 8d 0d 33 6f 01
0x0000000180005be0:   00 4c 8d 05 7c 6f 01 00 48 8b d0 48 8b cb 4c 8b
0x0000000180005bf0:   e0 41 ff 92 f0 02 00 00 33 ed 48 8b cb 4c 8b c0 


Stack slot to memory mapping:
stack at sp + 0 slots: 0x0 is NULL
stack at sp + 1 slots: 0x0000000017dfee10 is an unknown value
stack at sp + 2 slots: 0x0 is NULL
stack at sp + 3 slots: 0x00000000000003d8 is an unknown value
stack at sp + 4 slots: 0x0 is NULL
stack at sp + 5 slots: 0x0000003d17dfe1e0 is pointing into the stack for thread: 0x00000208badfd000
stack at sp + 6 slots: 0x00000208bb2782a0 is pointing into metadata
stack at sp + 7 slots: 0x0000000000000001 is an unknown value


---------------  P R O C E S S  ---------------

Threads class SMR info:
_java_thread_list=0x00000208bb84a050, length=13, elements={
0x00000208badb9000, 0x00000208badba800, 0x00000208badd4000, 0x00000208badd8800,
0x00000208baddc000, 0x00000208bade6800, 0x00000208bade7800, 0x00000208badfa800,
0x00000208badf8000, 0x00000208badf9800, 0x00000208badfd000, 0x00000208badf8800,
0x00000208badfb000
}

Java Threads: ( => current thread )
  0x00000208badb9000 JavaThread "Reference Handler" daemon [_thread_blocked, id=14572, stack(0x0000003d17200000,0x0000003d17300000)]
  0x00000208badba800 JavaThread "Finalizer" daemon [_thread_blocked, id=12676, stack(0x0000003d17300000,0x0000003d17400000)]
  0x00000208badd4000 JavaThread "Signal Dispatcher" daemon [_thread_blocked, id=10724, stack(0x0000003d17400000,0x0000003d17500000)]
  0x00000208badd8800 JavaThread "Attach Listener" daemon [_thread_blocked, id=12028, stack(0x0000003d17500000,0x0000003d17600000)]
  0x00000208baddc000 JavaThread "Service Thread" daemon [_thread_blocked, id=10384, stack(0x0000003d17600000,0x0000003d17700000)]
  0x00000208bade6800 JavaThread "C2 CompilerThread0" daemon [_thread_blocked, id=1300, stack(0x0000003d17700000,0x0000003d17800000)]
  0x00000208bade7800 JavaThread "C1 CompilerThread0" daemon [_thread_blocked, id=12080, stack(0x0000003d17800000,0x0000003d17900000)]
  0x00000208badfa800 JavaThread "Sweeper thread" daemon [_thread_blocked, id=10820, stack(0x0000003d17900000,0x0000003d17a00000)]
  0x00000208badf8000 JavaThread "Notification Thread" daemon [_thread_blocked, id=5276, stack(0x0000003d17a00000,0x0000003d17b00000)]
  0x00000208badf9800 JavaThread "Common-Cleaner" daemon [_thread_blocked, id=12796, stack(0x0000003d17c00000,0x0000003d17d00000)]
=>0x00000208badfd000 JavaThread "Thread-0" [_thread_in_native, id=7520, stack(0x0000003d17d00000,0x0000003d17e00000)]
  0x00000208badf8800 JavaThread "Thread-1" [_thread_blocked, id=10236, stack(0x0000003d17e00000,0x0000003d17f00000)]
  0x00000208badfb000 JavaThread "DestroyJavaVM" [_thread_blocked, id=12888, stack(0x0000003d16b00000,0x0000003d16c00000)]

Other Threads:
  0x00000208badb7800 VMThread "VM Thread" [stack: 0x0000003d17100000,0x0000003d17200000] [id=7584]
  0x00000208bb84d800 WatcherThread [stack: 0x0000003d17b00000,0x0000003d17c00000] [id=6928]
  0x000002089cd2c000 GCTaskThread "GC Thread#0" [stack: 0x0000003d16c00000,0x0000003d16d00000] [id=12432]
  0x000002089cd36800 ConcurrentGCThread "G1 Main Marker" [stack: 0x0000003d16d00000,0x0000003d16e00000] [id=13724]
  0x000002089cd38800 ConcurrentGCThread "G1 Conc#0" [stack: 0x0000003d16e00000,0x0000003d16f00000] [id=10792]
  0x000002089cd8c800 ConcurrentGCThread "G1 Refine#0" [stack: 0x0000003d16f00000,0x0000003d17000000] [id=14120]
  0x000002089cd8d800 ConcurrentGCThread "G1 Young RemSet Sampling" [stack: 0x0000003d17000000,0x0000003d17100000] [id=11536]

Threads with active compile tasks:

VM state:not at safepoint (normal execution)

VM Mutex/Monitor currently owned by a thread: None

Heap address: 0x00000000c1600000, size: 1002 MB, Compressed Oops mode: 32-bit
Narrow klass base: 0x0000000800000000, Narrow klass shift: 3
Compressed class space size: 1073741824 Address: 0x0000000800b30000

Heap:
 garbage-first heap   total 65536K, used 2048K [0x00000000c1600000, 0x0000000100000000)
  region size 1024K, 3 young (3072K), 0 survivors (0K)
 Metaspace       used 451K, capacity 4664K, committed 4864K, reserved 1056768K
  class space    used 32K, capacity 424K, committed 512K, reserved 1048576K
Heap Regions: E=young(eden), S=young(survivor), O=old, HS=humongous(starts), HC=humongous(continues), CS=collection set, F=free, OA=open archive, CA=closed archive, TAMS=top-at-mark-start (previous, next)
|   0|0x00000000c1600000, 0x00000000c1600000, 0x00000000c1700000|  0%| F|  |TAMS 0x00000000c1600000, 0x00000000c1600000| Untracked 
|   1|0x00000000c1700000, 0x00000000c1700000, 0x00000000c1800000|  0%| F|  |TAMS 0x00000000c1700000, 0x00000000c1700000| Untracked 
|   2|0x00000000c1800000, 0x00000000c1800000, 0x00000000c1900000|  0%| F|  |TAMS 0x00000000c1800000, 0x00000000c1800000| Untracked 
|   3|0x00000000c1900000, 0x00000000c1900000, 0x00000000c1a00000|  0%| F|  |TAMS 0x00000000c1900000, 0x00000000c1900000| Untracked 
|   4|0x00000000c1a00000, 0x00000000c1a00000, 0x00000000c1b00000|  0%| F|  |TAMS 0x00000000c1a00000, 0x00000000c1a00000| Untracked 
|   5|0x00000000c1b00000, 0x00000000c1b00000, 0x00000000c1c00000|  0%| F|  |TAMS 0x00000000c1b00000, 0x00000000c1b00000| Untracked 
|   6|0x00000000c1c00000, 0x00000000c1c00000, 0x00000000c1d00000|  0%| F|  |TAMS 0x00000000c1c00000, 0x00000000c1c00000| Untracked 
|   7|0x00000000c1d00000, 0x00000000c1d00000, 0x00000000c1e00000|  0%| F|  |TAMS 0x00000000c1d00000, 0x00000000c1d00000| Untracked 
|   8|0x00000000c1e00000, 0x00000000c1e00000, 0x00000000c1f00000|  0%| F|  |TAMS 0x00000000c1e00000, 0x00000000c1e00000| Untracked 
|   9|0x00000000c1f00000, 0x00000000c1f00000, 0x00000000c2000000|  0%| F|  |TAMS 0x00000000c1f00000, 0x00000000c1f00000| Untracked 
|  10|0x00000000c2000000, 0x00000000c2000000, 0x00000000c2100000|  0%| F|  |TAMS 0x00000000c2000000, 0x00000000c2000000| Untracked 
|  11|0x00000000c2100000, 0x00000000c2100000, 0x00000000c2200000|  0%| F|  |TAMS 0x00000000c2100000, 0x00000000c2100000| Untracked 
|  12|0x00000000c2200000, 0x00000000c2200000, 0x00000000c2300000|  0%| F|  |TAMS 0x00000000c2200000, 0x00000000c2200000| Untracked 
|  13|0x00000000c2300000, 0x00000000c2300000, 0x00000000c2400000|  0%| F|  |TAMS 0x00000000c2300000, 0x00000000c2300000| Untracked 
|  14|0x00000000c2400000, 0x00000000c2400000, 0x00000000c2500000|  0%| F|  |TAMS 0x00000000c2400000, 0x00000000c2400000| Untracked 
|  15|0x00000000c2500000, 0x00000000c2500000, 0x00000000c2600000|  0%| F|  |TAMS 0x00000000c2500000, 0x00000000c2500000| Untracked 
|  16|0x00000000c2600000, 0x00000000c2600000, 0x00000000c2700000|  0%| F|  |TAMS 0x00000000c2600000, 0x00000000c2600000| Untracked 
|  17|0x00000000c2700000, 0x00000000c2700000, 0x00000000c2800000|  0%| F|  |TAMS 0x00000000c2700000, 0x00000000c2700000| Untracked 
|  18|0x00000000c2800000, 0x00000000c2800000, 0x00000000c2900000|  0%| F|  |TAMS 0x00000000c2800000, 0x00000000c2800000| Untracked 
|  19|0x00000000c2900000, 0x00000000c2900000, 0x00000000c2a00000|  0%| F|  |TAMS 0x00000000c2900000, 0x00000000c2900000| Untracked 
|  20|0x00000000c2a00000, 0x00000000c2a00000, 0x00000000c2b00000|  0%| F|  |TAMS 0x00000000c2a00000, 0x00000000c2a00000| Untracked 
|  21|0x00000000c2b00000, 0x00000000c2b00000, 0x00000000c2c00000|  0%| F|  |TAMS 0x00000000c2b00000, 0x00000000c2b00000| Untracked 
|  22|0x00000000c2c00000, 0x00000000c2c00000, 0x00000000c2d00000|  0%| F|  |TAMS 0x00000000c2c00000, 0x00000000c2c00000| Untracked 
|  23|0x00000000c2d00000, 0x00000000c2d00000, 0x00000000c2e00000|  0%| F|  |TAMS 0x00000000c2d00000, 0x00000000c2d00000| Untracked 
|  24|0x00000000c2e00000, 0x00000000c2e00000, 0x00000000c2f00000|  0%| F|  |TAMS 0x00000000c2e00000, 0x00000000c2e00000| Untracked 
|  25|0x00000000c2f00000, 0x00000000c2f00000, 0x00000000c3000000|  0%| F|  |TAMS 0x00000000c2f00000, 0x00000000c2f00000| Untracked 
|  26|0x00000000c3000000, 0x00000000c3000000, 0x00000000c3100000|  0%| F|  |TAMS 0x00000000c3000000, 0x00000000c3000000| Untracked 
|  27|0x00000000c3100000, 0x00000000c3100000, 0x00000000c3200000|  0%| F|  |TAMS 0x00000000c3100000, 0x00000000c3100000| Untracked 
|  28|0x00000000c3200000, 0x00000000c3200000, 0x00000000c3300000|  0%| F|  |TAMS 0x00000000c3200000, 0x00000000c3200000| Untracked 
|  29|0x00000000c3300000, 0x00000000c3300000, 0x00000000c3400000|  0%| F|  |TAMS 0x00000000c3300000, 0x00000000c3300000| Untracked 
|  30|0x00000000c3400000, 0x00000000c3400000, 0x00000000c3500000|  0%| F|  |TAMS 0x00000000c3400000, 0x00000000c3400000| Untracked 
|  31|0x00000000c3500000, 0x00000000c3500000, 0x00000000c3600000|  0%| F|  |TAMS 0x00000000c3500000, 0x00000000c3500000| Untracked 
|  32|0x00000000c3600000, 0x00000000c3600000, 0x00000000c3700000|  0%| F|  |TAMS 0x00000000c3600000, 0x00000000c3600000| Untracked 
|  33|0x00000000c3700000, 0x00000000c3700000, 0x00000000c3800000|  0%| F|  |TAMS 0x00000000c3700000, 0x00000000c3700000| Untracked 
|  34|0x00000000c3800000, 0x00000000c3800000, 0x00000000c3900000|  0%| F|  |TAMS 0x00000000c3800000, 0x00000000c3800000| Untracked 
|  35|0x00000000c3900000, 0x00000000c3900000, 0x00000000c3a00000|  0%| F|  |TAMS 0x00000000c3900000, 0x00000000c3900000| Untracked 
|  36|0x00000000c3a00000, 0x00000000c3a00000, 0x00000000c3b00000|  0%| F|  |TAMS 0x00000000c3a00000, 0x00000000c3a00000| Untracked 
|  37|0x00000000c3b00000, 0x00000000c3b00000, 0x00000000c3c00000|  0%| F|  |TAMS 0x00000000c3b00000, 0x00000000c3b00000| Untracked 
|  38|0x00000000c3c00000, 0x00000000c3c00000, 0x00000000c3d00000|  0%| F|  |TAMS 0x00000000c3c00000, 0x00000000c3c00000| Untracked 
|  39|0x00000000c3d00000, 0x00000000c3d00000, 0x00000000c3e00000|  0%| F|  |TAMS 0x00000000c3d00000, 0x00000000c3d00000| Untracked 
|  40|0x00000000c3e00000, 0x00000000c3e00000, 0x00000000c3f00000|  0%| F|  |TAMS 0x00000000c3e00000, 0x00000000c3e00000| Untracked 
|  41|0x00000000c3f00000, 0x00000000c3f00000, 0x00000000c4000000|  0%| F|  |TAMS 0x00000000c3f00000, 0x00000000c3f00000| Untracked 
|  42|0x00000000c4000000, 0x00000000c4000000, 0x00000000c4100000|  0%| F|  |TAMS 0x00000000c4000000, 0x00000000c4000000| Untracked 
|  43|0x00000000c4100000, 0x00000000c4100000, 0x00000000c4200000|  0%| F|  |TAMS 0x00000000c4100000, 0x00000000c4100000| Untracked 
|  44|0x00000000c4200000, 0x00000000c4200000, 0x00000000c4300000|  0%| F|  |TAMS 0x00000000c4200000, 0x00000000c4200000| Untracked 
|  45|0x00000000c4300000, 0x00000000c4300000, 0x00000000c4400000|  0%| F|  |TAMS 0x00000000c4300000, 0x00000000c4300000| Untracked 
|  46|0x00000000c4400000, 0x00000000c4400000, 0x00000000c4500000|  0%| F|  |TAMS 0x00000000c4400000, 0x00000000c4400000| Untracked 
|  47|0x00000000c4500000, 0x00000000c4500000, 0x00000000c4600000|  0%| F|  |TAMS 0x00000000c4500000, 0x00000000c4500000| Untracked 
|  48|0x00000000c4600000, 0x00000000c4600000, 0x00000000c4700000|  0%| F|  |TAMS 0x00000000c4600000, 0x00000000c4600000| Untracked 
|  49|0x00000000c4700000, 0x00000000c4700000, 0x00000000c4800000|  0%| F|  |TAMS 0x00000000c4700000, 0x00000000c4700000| Untracked 
|  50|0x00000000c4800000, 0x00000000c4800000, 0x00000000c4900000|  0%| F|  |TAMS 0x00000000c4800000, 0x00000000c4800000| Untracked 
|  51|0x00000000c4900000, 0x00000000c4900000, 0x00000000c4a00000|  0%| F|  |TAMS 0x00000000c4900000, 0x00000000c4900000| Untracked 
|  52|0x00000000c4a00000, 0x00000000c4a00000, 0x00000000c4b00000|  0%| F|  |TAMS 0x00000000c4a00000, 0x00000000c4a00000| Untracked 
|  53|0x00000000c4b00000, 0x00000000c4b00000, 0x00000000c4c00000|  0%| F|  |TAMS 0x00000000c4b00000, 0x00000000c4b00000| Untracked 
|  54|0x00000000c4c00000, 0x00000000c4c00000, 0x00000000c4d00000|  0%| F|  |TAMS 0x00000000c4c00000, 0x00000000c4c00000| Untracked 
|  55|0x00000000c4d00000, 0x00000000c4d00000, 0x00000000c4e00000|  0%| F|  |TAMS 0x00000000c4d00000, 0x00000000c4d00000| Untracked 
|  56|0x00000000c4e00000, 0x00000000c4e00000, 0x00000000c4f00000|  0%| F|  |TAMS 0x00000000c4e00000, 0x00000000c4e00000| Untracked 
|  57|0x00000000c4f00000, 0x00000000c4f00000, 0x00000000c5000000|  0%| F|  |TAMS 0x00000000c4f00000, 0x00000000c4f00000| Untracked 
|  58|0x00000000c5000000, 0x00000000c5000000, 0x00000000c5100000|  0%| F|  |TAMS 0x00000000c5000000, 0x00000000c5000000| Untracked 
|  59|0x00000000c5100000, 0x00000000c5100000, 0x00000000c5200000|  0%| F|  |TAMS 0x00000000c5100000, 0x00000000c5100000| Untracked 
|  60|0x00000000c5200000, 0x00000000c5200000, 0x00000000c5300000|  0%| F|  |TAMS 0x00000000c5200000, 0x00000000c5200000| Untracked 
|  61|0x00000000c5300000, 0x00000000c5300800, 0x00000000c5400000|  0%| E|  |TAMS 0x00000000c5300000, 0x00000000c5300000| Complete 
|  62|0x00000000c5400000, 0x00000000c5500000, 0x00000000c5500000|100%| E|CS|TAMS 0x00000000c5400000, 0x00000000c5400000| Complete 
|  63|0x00000000c5500000, 0x00000000c5600000, 0x00000000c5600000|100%| E|CS|TAMS 0x00000000c5500000, 0x00000000c5500000| Complete 

Card table byte_map: [0x00000208b6490000,0x00000208b6690000] _byte_map_base: 0x00000208b5e85000

Marking Bits (Prev, Next): (CMBitMap*) 0x000002089cd2db28, (CMBitMap*) 0x000002089cd2db68
 Prev Bits: [0x00000208b6890000, 0x00000208b7838000)
 Next Bits: [0x00000208b7840000, 0x00000208b87e8000)

Polling page: 0x00000208a6c40000

Metaspace:

Usage:
  Non-class:      4.14 MB capacity,   419.27 KB ( 10%) used,     3.73 MB ( 90%) free+waste,   448 bytes ( <1%) overhead. 
      Class:    424.00 KB capacity,    32.62 KB (  8%) used,   391.01 KB ( 92%) free+waste,   384 bytes ( <1%) overhead. 
       Both:      4.55 MB capacity,   451.88 KB ( 10%) used,     4.11 MB ( 90%) free+waste,   832 bytes ( <1%) overhead. 

Virtual space:
  Non-class space:        8.00 MB reserved,       4.25 MB ( 53%) committed 
      Class space:        1.00 GB reserved,     512.00 KB ( <1%) committed 
             Both:        1.01 GB reserved,       4.75 MB ( <1%) committed 

Chunk freelists:
   Non-Class:  48.00 KB
       Class:  24.00 KB
        Both:  72.00 KB

MaxMetaspaceSize: 17179869184.00 GB
CompressedClassSpaceSize: 1.00 GB

CodeHeap 'non-profiled nmethods': size=120000Kb used=28Kb max_used=28Kb free=119971Kb
 bounds [0x00000208ae730000, 0x00000208ae9a0000, 0x00000208b5c60000]
CodeHeap 'profiled nmethods': size=120000Kb used=210Kb max_used=210Kb free=119789Kb
 bounds [0x00000208a7200000, 0x00000208a7470000, 0x00000208ae730000]
CodeHeap 'non-nmethods': size=5760Kb used=1064Kb max_used=1078Kb free=4695Kb
 bounds [0x00000208a6c60000, 0x00000208a6ed0000, 0x00000208a7200000]
 total_blobs=754 nmethods=142 adapters=201
 compilation: enabled
              stopped_count=0, restarted_count=0
 full_count=0

Compilation events (20 events):
Event: 0.145 Thread 0x00000208bade7800  129       3       java.lang.String::toUpperCase (8 bytes)
Event: 0.145 Thread 0x00000208bade6800  133       4       java.lang.CharacterDataLatin1::toLowerCase (39 bytes)
Event: 0.146 Thread 0x00000208bade7800 nmethod 129 0x00000208a7231490 code [0x00000208a7231660, 0x00000208a72319f8]
Event: 0.146 Thread 0x00000208bade7800  134       3       java.lang.String::indexOf (64 bytes)
Event: 0.146 Thread 0x00000208bade7800 nmethod 134 0x00000208a7231b10 code [0x00000208a7231d60, 0x00000208a7232688]
Event: 0.146 Thread 0x00000208bade7800  135       3       java.lang.StringLatin1::indexOf (25 bytes)
Event: 0.146 Thread 0x00000208bade6800 nmethod 133 0x00000208ae736410 code [0x00000208ae7365a0, 0x00000208ae7366b8]
Event: 0.147 Thread 0x00000208bade7800 nmethod 135 0x00000208a7232a10 code [0x00000208a7232bc0, 0x00000208a7232d88]
Event: 0.150 Thread 0x00000208bade7800  137       1       java.net.URL::getProtocol (5 bytes)
Event: 0.150 Thread 0x00000208bade7800 nmethod 137 0x00000208ae736790 code [0x00000208ae736920, 0x00000208ae7369f8]
Event: 0.150 Thread 0x00000208bade7800  138       3       java.util.concurrent.ConcurrentHashMap::get (162 bytes)
Event: 0.150 Thread 0x00000208bade6800  140       4       java.lang.String::charAt (25 bytes)
Event: 0.151 Thread 0x00000208bade7800 nmethod 138 0x00000208a7232e90 code [0x00000208a72330e0, 0x00000208a7233e18]
Event: 0.151 Thread 0x00000208bade7800  139       1       java.util.zip.Inflater$InflaterZStreamRef::address (5 bytes)
Event: 0.151 Thread 0x00000208bade7800 nmethod 139 0x00000208ae736a90 code [0x00000208ae736c20, 0x00000208ae736cf8]
Event: 0.151 Thread 0x00000208bade6800 nmethod 140 0x00000208ae736d90 code [0x00000208ae736f40, 0x00000208ae737048]
Event: 0.157 Thread 0x00000208bade7800  141       3       java.lang.String::lastIndexOf (29 bytes)
Event: 0.158 Thread 0x00000208bade7800 nmethod 141 0x00000208a7234190 code [0x00000208a7234360, 0x00000208a72345f8]
Event: 0.158 Thread 0x00000208bade7800  142       3       java.lang.String::startsWith (7 bytes)
Event: 0.158 Thread 0x00000208bade7800 nmethod 142 0x00000208a7234710 code [0x00000208a72348c0, 0x00000208a7234a28]

GC Heap History (0 events):
No events

Deoptimization events (4 events):
Event: 0.091 Thread 0x000002089cd00000 Uncommon trap: trap_request=0xffffff45 fr.pc=0x00000208ae734580 relative=0x0000000000000220
Event: 0.091 Thread 0x000002089cd00000 Uncommon trap: reason=unstable_if action=reinterpret pc=0x00000208ae734580 method=java.lang.String.hashCode()I @ 42 c2
Event: 0.091 Thread 0x000002089cd00000 DEOPT PACKING pc=0x00000208ae734580 sp=0x0000003d16bfdd70
Event: 0.091 Thread 0x000002089cd00000 DEOPT UNPACKING pc=0x00000208a6ca912f sp=0x0000003d16bfdd08 mode 2

Classes unloaded (0 events):
No events

Classes redefined (0 events):
No events

Internal exceptions (4 events):
Event: 0.134 Thread 0x000002089cd00000 Exception <a 'java/io/FileNotFoundException'{0x00000000c542b390}> (0x00000000c542b390) 
thrown [./open/src/hotspot/share/prims/jni.cpp, line 599]
Event: 0.141 Thread 0x000002089cd00000 Exception <a 'java/io/FileNotFoundException'{0x00000000c543d040}> (0x00000000c543d040) 
thrown [./open/src/hotspot/share/prims/jni.cpp, line 599]
Event: 0.144 Thread 0x000002089cd00000 Exception <a 'java/io/FileNotFoundException'{0x00000000c544c808}> (0x00000000c544c808) 
thrown [./open/src/hotspot/share/prims/jni.cpp, line 599]
Event: 0.147 Thread 0x000002089cd00000 Exception <a 'java/io/FileNotFoundException'{0x00000000c545ded8}> (0x00000000c545ded8) 
thrown [./open/src/hotspot/share/prims/jni.cpp, line 599]

Events (20 events):
Event: 0.134 loading class java/io/IOException done
Event: 0.134 loading class java/io/FileNotFoundException done
Event: 0.149 loading class java/util/TooManyListenersException
Event: 0.149 loading class java/util/TooManyListenersException done
Event: 0.153 loading class java/lang/NumberFormatException
Event: 0.153 loading class java/lang/NumberFormatException done
Event: 0.155 loading class java/lang/IndexOutOfBoundsException
Event: 0.155 loading class java/lang/IndexOutOfBoundsException done
Event: 0.158 Thread 0x00000208badfd000 Thread added: 0x00000208badfd000
Event: 0.164 loading class java/io/BufferedReader
Event: 0.164 loading class java/io/BufferedReader done
Event: 0.164 loading class sun/nio/cs/StreamDecoder
Event: 0.164 loading class sun/nio/cs/StreamDecoder done
Event: 0.165 Thread 0x00000208badf8800 Thread added: 0x00000208badf8800
Event: 0.165 Thread 0x000002089cd00000 Thread exited: 0x000002089cd00000
Event: 0.165 Thread 0x00000208badfb000 Thread added: 0x00000208badfb000
Event: 0.165 Executing VM operation: HandshakeOneThread
Event: 0.165 Executing VM operation: HandshakeOneThread done
Event: 0.166 Executing VM operation: HandshakeOneThread
Event: 0.166 Executing VM operation: HandshakeOneThread done


Dynamic libraries:
0x00007ff68a4e0000 - 0x00007ff68a4ef000 	C:\Program Files\Java\jdk-14.0.1\bin\javaw.exe
0x00007ffe46b20000 - 0x00007ffe46d10000 	C:\WINDOWS\SYSTEM32\ntdll.dll
0x00007ffe46140000 - 0x00007ffe461f2000 	C:\WINDOWS\System32\KERNEL32.DLL
0x00007ffe448b0000 - 0x00007ffe44b54000 	C:\WINDOWS\System32\KERNELBASE.dll
0x00007ffe41530000 - 0x00007ffe415bf000 	C:\WINDOWS\SYSTEM32\apphelp.dll
0x00007ffe44780000 - 0x00007ffe4487a000 	C:\WINDOWS\System32\ucrtbase.dll
0x00007ffe3a820000 - 0x00007ffe3a838000 	C:\Program Files\Java\jdk-14.0.1\bin\jli.dll
0x00007ffe456c0000 - 0x00007ffe45763000 	C:\WINDOWS\System32\ADVAPI32.dll
0x00007ffe462d0000 - 0x00007ffe4636e000 	C:\WINDOWS\System32\msvcrt.dll
0x00007ffe3a840000 - 0x00007ffe3a855000 	C:\Program Files\Java\jdk-14.0.1\bin\VCRUNTIME140.dll
0x00007ffe45ef0000 - 0x00007ffe45f87000 	C:\WINDOWS\System32\sechost.dll
0x00007ffe45ab0000 - 0x00007ffe45bd0000 	C:\WINDOWS\System32\RPCRT4.dll
0x00007ffe45890000 - 0x00007ffe45a24000 	C:\WINDOWS\System32\USER32.dll
0x00007ffe44750000 - 0x00007ffe44771000 	C:\WINDOWS\System32\win32u.dll
0x00007ffe45de0000 - 0x00007ffe45e06000 	C:\WINDOWS\System32\GDI32.dll
0x00007ffe444b0000 - 0x00007ffe44644000 	C:\WINDOWS\System32\gdi32full.dll
0x00007ffe2f710000 - 0x00007ffe2f994000 	C:\WINDOWS\WinSxS\amd64_microsoft.windows.common-controls_6595b64144ccf1df_6.0.18362.836_none_e6c4b943130f18ed\COMCTL32.dll
0x00007ffe44650000 - 0x00007ffe446ee000 	C:\WINDOWS\System32\msvcp_win.dll
0x00007ffe44d40000 - 0x00007ffe45076000 	C:\WINDOWS\System32\combase.dll
0x00007ffe387f0000 - 0x00007ffe387fa000 	C:\WINDOWS\SYSTEM32\VERSION.dll
0x00007ffe44430000 - 0x00007ffe444b0000 	C:\WINDOWS\System32\bcryptPrimitives.dll
0x00007ffe45db0000 - 0x00007ffe45dde000 	C:\WINDOWS\System32\IMM32.DLL
0x00007ffe31130000 - 0x00007ffe311cb000 	C:\Program Files\Java\jdk-14.0.1\bin\msvcp140.dll
0x00007ffe1de30000 - 0x00007ffe1e94e000 	C:\Program Files\Java\jdk-14.0.1\bin\server\jvm.dll
0x00007ffe44bf0000 - 0x00007ffe44bf8000 	C:\WINDOWS\System32\PSAPI.DLL
0x00007ffe3de60000 - 0x00007ffe3de69000 	C:\WINDOWS\SYSTEM32\WSOCK32.dll
0x00007ffe45a40000 - 0x00007ffe45aaf000 	C:\WINDOWS\System32\WS2_32.dll
0x00007ffe415f0000 - 0x00007ffe41614000 	C:\WINDOWS\SYSTEM32\WINMM.dll
0x00007ffe415c0000 - 0x00007ffe415ed000 	C:\WINDOWS\SYSTEM32\winmmbase.dll
0x00007ffe44b80000 - 0x00007ffe44bca000 	C:\WINDOWS\System32\cfgmgr32.dll
0x00007ffe439f0000 - 0x00007ffe43a01000 	C:\WINDOWS\System32\kernel.appcore.dll
0x00007ffe416c0000 - 0x00007ffe416ca000 	C:\Program Files\Java\jdk-14.0.1\bin\jimage.dll
0x00007ffe42290000 - 0x00007ffe42484000 	C:\WINDOWS\SYSTEM32\DBGHELP.DLL
0x00007ffe32e40000 - 0x00007ffe32e6a000 	C:\WINDOWS\SYSTEM32\dbgcore.DLL
0x00007ffe3a7f0000 - 0x00007ffe3a815000 	C:\Program Files\Java\jdk-14.0.1\bin\java.dll
0x00007ffe3a790000 - 0x00007ffe3a7a6000 	C:\Program Files\Java\jdk-14.0.1\bin\zip.dll
0x00007ffe463f0000 - 0x00007ffe46ad4000 	C:\WINDOWS\System32\SHELL32.dll
0x00007ffe455b0000 - 0x00007ffe45659000 	C:\WINDOWS\System32\shcore.dll
0x00007ffe43cb0000 - 0x00007ffe4442e000 	C:\WINDOWS\System32\windows.storage.dll
0x00007ffe43a80000 - 0x00007ffe43aa3000 	C:\WINDOWS\System32\profapi.dll
0x00007ffe43a10000 - 0x00007ffe43a5a000 	C:\WINDOWS\System32\powrprof.dll
0x00007ffe439e0000 - 0x00007ffe439f0000 	C:\WINDOWS\System32\UMPDC.dll
0x00007ffe45080000 - 0x00007ffe450d2000 	C:\WINDOWS\System32\shlwapi.dll
0x00007ffe44b60000 - 0x00007ffe44b77000 	C:\WINDOWS\System32\cryptsp.dll
0x00007ffe3a770000 - 0x00007ffe3a789000 	C:\Program Files\Java\jdk-14.0.1\bin\net.dll
0x00007ffe3e6e0000 - 0x00007ffe3e7d0000 	C:\WINDOWS\SYSTEM32\WINHTTP.dll
0x00007ffe431f0000 - 0x00007ffe43257000 	C:\WINDOWS\system32\mswsock.dll
0x00007ffe3a750000 - 0x00007ffe3a762000 	C:\Program Files\Java\jdk-14.0.1\bin\nio.dll
0x00007ffe3fef0000 - 0x00007ffe3ff00000 	C:\Program Files\Java\jdk-14.0.1\bin\verify.dll
0x0000000180000000 - 0x0000000180025000 	C:\Users\edwardbarnabas\dev\ardublock-maven\BarnabasRoboticsArdublock-2019\src\ardublock-all\mfz-rxtx-2.2-20081207-win-x64\rxtxSerial.dll

dbghelp: loaded successfully - version: 4.0.5 - missing functions: none
symbol engine: initialized successfully - sym options: 0x614 - pdb path: .;C:\Program Files\Java\jdk-14.0.1\bin;C:\WINDOWS\SYSTEM32;C:\WINDOWS\WinSxS\amd64_microsoft.windows.common-controls_6595b64144ccf1df_6.0.18362.836_none_e6c4b943130f18ed;C:\Program Files\Java\jdk-14.0.1\bin\server;C:\Users\edwardbarnabas\dev\ardublock-maven\BarnabasRoboticsArdublock-2019\src\ardublock-all\mfz-rxtx-2.2-20081207-win-x64

VM Arguments:
jvm_args: -Djava.library.path=C:\Users\edwardbarnabas\dev\ardublock-maven\BarnabasRoboticsArdublock-2019\src\ardublock-all\mfz-rxtx-2.2-20081207-win-x64 -Dfile.encoding=Cp1252 
java_command: com.ardublock.ui.listener.SerialMonitor
java_class_path (initial): C:\Users\edwardbarnabas\dev\ardublock-maven\BarnabasRoboticsArdublock-2019\src\ardublock-all\target\classes;C:\Users\edwardbarnabas\dev\ardublock-maven\BarnabasRoboticsArdublock-2019\src\ardublock-all\mfz-rxtx-2.2-20081207-win-x64\RXTXcomm.jar;C:\Users\edwardbarnabas\.m2\repository\edu\mit\openblocks\1.0.2-SNAPSHOT\openblocks-1.0.2-SNAPSHOT.jar;C:\Users\edwardbarnabas\.m2\repository\jfree\jcommon\1.0.16\jcommon-1.0.16.jar;C:\Users\edwardbarnabas\.m2\repository\jfree\jfreechart\1.0.13\jfreechart-1.0.13.jar;C:\Users\edwardbarnabas\.m2\repository\arduino\pde\1.1\pde-1.1.jar;C:\Users\edwardbarnabas\.m2\repository\arduino\arduino-core\1.6.12\arduino-core-1.6.12.jar
Launcher Type: SUN_STANDARD

[Global flags]
     intx CICompilerCount                          = 3                                         {product} {ergonomic}
     uint ConcGCThreads                            = 1                                         {product} {ergonomic}
     uint G1ConcRefinementThreads                  = 4                                         {product} {ergonomic}
   size_t G1HeapRegionSize                         = 1048576                                   {product} {ergonomic}
    uintx GCDrainStackTargetSize                   = 64                                        {product} {ergonomic}
   size_t InitialHeapSize                          = 67108864                                  {product} {ergonomic}
   size_t MarkStackSize                            = 4194304                                   {product} {ergonomic}
   size_t MaxHeapSize                              = 1050673152                                {product} {ergonomic}
   size_t MaxNewSize                               = 630194176                                 {product} {ergonomic}
   size_t MinHeapDeltaBytes                        = 1048576                                   {product} {ergonomic}
   size_t MinHeapSize                              = 8388608                                   {product} {ergonomic}
    uintx NonNMethodCodeHeapSize                   = 5832780                                {pd product} {ergonomic}
    uintx NonProfiledCodeHeapSize                  = 122912730                              {pd product} {ergonomic}
    uintx ProfiledCodeHeapSize                     = 122912730                              {pd product} {ergonomic}
    uintx ReservedCodeCacheSize                    = 251658240                              {pd product} {ergonomic}
     bool SegmentedCodeCache                       = true                                      {product} {ergonomic}
   size_t SoftMaxHeapSize                          = 1050673152                             {manageable} {ergonomic}
     bool UseCompressedClassPointers               = true                                 {lp64_product} {ergonomic}
     bool UseCompressedOops                        = true                                 {lp64_product} {ergonomic}
     bool UseG1GC                                  = true                                      {product} {ergonomic}
     bool UseLargePagesIndividualAllocation        = false                                  {pd product} {ergonomic}

Logging:
Log output configuration:
 #0: stdout all=warning uptime,level,tags
 #1: stderr all=off uptime,level,tags

Environment Variables:
PATH=C:/Program Files/Java/jdk-14.0.1/bin/server;C:/Program Files/Java/jdk-14.0.1/bin;C:\WINDOWS\system32;C:\WINDOWS;C:\WINDOWS\System32\Wbem;C:\WINDOWS\System32\WindowsPowerShell\v1.0\;C:\Python27\;C:\Program Files\Git\cmd;C:\Program Files\PuTTY\;C:\WINDOWS\System32\OpenSSH\;C:\Program Files\Dart\dart-sdk\bin;C:\src\apache-maven-3.6.3\bin\;C:\Program Files\Java\jdk-14.0.1\bin\;"C:\Users\edwardbarnabas\AppData\Local\Microsoft\WindowsApps;flutter\bin";;C:\Users\edwardbarnabas\Desktop;
USERNAME=edwardbarnabas
OS=Windows_NT
PROCESSOR_IDENTIFIER=Intel64 Family 6 Model 69 Stepping 1, GenuineIntel



---------------  S Y S T E M  ---------------

OS: Windows 10 , 64 bit Build 18362 (10.0.18362.778)
OS uptime: 1 days 14:16 hours

CPU:total 4 (initial active 4) (2 cores per cpu, 2 threads per core) family 6 model 69 stepping 1, cmov, cx8, fxsr, mmx, sse, sse2, sse3, ssse3, sse4.1, sse4.2, popcnt, avx, avx2, aes, clmul, erms, lzcnt, ht, tsc, tscinvbit, bmi1, bmi2, fma

Memory: 4k page, system-wide physical 4001M (864M free)
TotalPageFile size 9470M (AvailPageFile size 1883M)
current process WorkingSet (physical memory assigned to process): 29M, peak: 29M
current process commit charge ("private bytes"): 139M, peak: 139M

vm_info: Java HotSpot(TM) 64-Bit Server VM (14.0.1+7) for windows-amd64 JRE (14.0.1+7), built on Mar  5 2020 10:30:14 by "mach5one" with MS VC++ 15.9 (VS2017)

END.
